{
  "RSpec": {
    "coverage": {
      "/Users/davidkimbriel/projects/fsp-lightreach-po-manager/app/models/user.rb": {
        "lines": [
          1,
          1,
          null,
          1,
          null,
          1,
          null,
          1,
          null,
          17,
          null,
          10,
          null,
          null
        ]
      },
      "/Users/davidkimbriel/projects/fsp-lightreach-po-manager/app/models/application_record.rb": {
        "lines": [
          1,
          1,
          null
        ]
      },
      "/Users/davidkimbriel/projects/fsp-lightreach-po-manager/app/helpers/application_helper.rb": {
        "lines": [
          1,
          null
        ]
      },
      "/Users/davidkimbriel/projects/fsp-lightreach-po-manager/app/channels/application_cable/connection.rb": {
        "lines": [
          1,
          1,
          1,
          null,
          1,
          3,
          1,
          null,
          null,
          1,
          null,
          1,
          null,
          3,
          1,
          null,
          2,
          null,
          null,
          null,
          null
        ]
      },
      "/Users/davidkimbriel/projects/fsp-lightreach-po-manager/app/channels/po_generation_channel.rb": {
        "lines": [
          1,
          1,
          11,
          null,
          11,
          1,
          1,
          null,
          null,
          null,
          10,
          null,
          10,
          2,
          2,
          null,
          null,
          null,
          8,
          null,
          null,
          8,
          null,
          null,
          1,
          null,
          4,
          null,
          null,
          1,
          null,
          1,
          null,
          8,
          null,
          8,
          6,
          null,
          null,
          null,
          null,
          null,
          null,
          null,
          null,
          8,
          null,
          null,
          null,
          null,
          null,
          null,
          null,
          null,
          null,
          null,
          null
        ]
      },
      "/Users/davidkimbriel/projects/fsp-lightreach-po-manager/app/channels/application_cable/channel.rb": {
        "lines": [
          1,
          1,
          null,
          null
        ]
      },
      "/Users/davidkimbriel/projects/fsp-lightreach-po-manager/app/controllers/api/v1/base_controller.rb": {
        "lines": [
          1,
          1,
          1,
          1,
          1,
          null,
          1,
          1,
          null,
          1,
          null,
          1,
          41,
          null,
          null,
          1,
          39,
          39,
          39,
          null,
          null,
          1,
          1,
          null,
          null,
          1,
          1,
          null,
          null,
          null,
          null
        ]
      },
      "/Users/davidkimbriel/projects/fsp-lightreach-po-manager/app/controllers/application_controller.rb": {
        "lines": [
          1,
          null,
          1,
          null
        ]
      },
      "/Users/davidkimbriel/projects/fsp-lightreach-po-manager/app/controllers/api/v1/po_generation_controller.rb": {
        "lines": [
          1,
          1,
          1,
          null,
          null,
          1,
          15,
          null,
          15,
          2,
          null,
          null,
          null,
          13,
          5,
          null,
          null,
          null,
          null,
          null,
          null,
          6,
          null,
          null,
          null,
          null,
          null,
          null,
          null,
          6,
          null,
          6,
          null,
          null,
          null,
          null,
          null,
          null,
          2,
          2,
          2,
          null,
          null,
          null,
          null,
          1,
          17,
          17,
          17,
          null,
          17,
          1,
          null,
          null,
          null,
          16,
          15,
          4,
          null,
          null,
          null,
          null,
          null,
          null,
          11,
          null,
          null,
          null,
          null,
          null,
          null,
          null,
          null,
          11,
          null,
          11,
          null,
          null,
          null,
          null,
          null,
          null,
          1,
          1,
          1,
          null,
          null,
          null,
          null,
          1,
          11,
          null,
          11,
          1,
          null,
          null,
          null,
          10,
          9,
          null,
          9,
          4,
          null,
          null,
          null,
          null,
          null,
          null,
          4,
          null,
          null,
          null,
          5,
          null,
          null,
          null,
          null,
          null,
          null,
          null,
          5,
          null,
          5,
          null,
          null,
          null,
          null,
          null,
          null,
          null,
          1,
          1,
          1,
          null,
          null,
          null,
          null,
          1,
          8,
          null,
          null,
          5,
          null,
          5,
          null,
          null,
          null,
          null,
          null,
          5,
          null,
          null,
          null,
          null,
          null,
          null,
          null,
          null,
          null,
          null,
          null,
          null,
          null,
          null,
          null,
          null,
          null,
          2,
          null,
          1,
          1,
          null,
          null,
          null,
          null,
          1,
          11,
          null,
          11,
          1,
          null,
          null,
          10,
          null,
          9,
          2,
          null,
          null,
          7,
          2,
          null,
          null,
          null,
          5,
          null,
          4,
          null,
          null,
          null,
          null,
          1,
          null,
          1,
          1,
          1,
          null,
          null,
          null,
          null
        ]
      },
      "/Users/davidkimbriel/projects/fsp-lightreach-po-manager/app/controllers/api/v1/projects_controller.rb": {
        "lines": [
          1,
          1,
          1,
          null,
          1,
          10,
          null,
          10,
          1,
          null,
          null,
          9,
          9,
          null,
          null,
          6,
          null,
          10,
          null,
          null,
          null,
          null,
          null,
          null,
          null,
          null,
          null,
          null,
          6,
          null,
          null,
          null,
          null,
          null,
          3,
          3,
          3,
          null,
          null,
          null,
          1,
          7,
          null,
          null,
          7,
          null,
          null,
          null,
          null,
          null,
          null,
          null,
          7,
          5,
          null,
          5,
          2,
          null,
          null,
          null,
          3,
          null,
          null,
          null,
          null,
          null,
          null,
          null,
          null,
          null,
          3,
          null,
          2,
          2,
          2,
          null,
          null,
          null,
          null
        ]
      },
      "/Users/davidkimbriel/projects/fsp-lightreach-po-manager/app/controllers/dashboard_controller.rb": {
        "lines": [
          1,
          1,
          null,
          1,
          null,
          null,
          null
        ]
      },
      "/Users/davidkimbriel/projects/fsp-lightreach-po-manager/app/controllers/users/omniauth_callbacks_controller.rb": {
        "lines": [
          1,
          1,
          null,
          1,
          8,
          null,
          8,
          null,
          null,
          null,
          null,
          null,
          8,
          5,
          5,
          null,
          3,
          null,
          null,
          null,
          1,
          0,
          null,
          null
        ]
      },
      "/Users/davidkimbriel/projects/fsp-lightreach-po-manager/app/controllers/users/sessions_controller.rb": {
        "lines": [
          1,
          null,
          1,
          null,
          null,
          null,
          null,
          1,
          2,
          null,
          null
        ]
      },
      "/Users/davidkimbriel/projects/fsp-lightreach-po-manager/app/mailers/lightreach/direct_pay_mailer.rb": {
        "lines": [
          1,
          1,
          null,
          1,
          1,
          null,
          1,
          14,
          14,
          14,
          14,
          null,
          null,
          14,
          14,
          null,
          null,
          null,
          null,
          null,
          14,
          25,
          null,
          null,
          null,
          null,
          null,
          14,
          14,
          14,
          null,
          14,
          null,
          null,
          null,
          null,
          null,
          1,
          5,
          5,
          5,
          null,
          5,
          null,
          null,
          null,
          null,
          5,
          null,
          5,
          null,
          null,
          5,
          null,
          5,
          null,
          null,
          1,
          null,
          1,
          null,
          17,
          null,
          null,
          null,
          null,
          null,
          null,
          null,
          17,
          17,
          null,
          null,
          17,
          1,
          1,
          16,
          1,
          15,
          15,
          15,
          null,
          null,
          17,
          null,
          null
        ]
      },
      "/Users/davidkimbriel/projects/fsp-lightreach-po-manager/app/mailers/application_mailer.rb": {
        "lines": [
          1,
          1,
          1,
          null
        ]
      },
      "/Users/davidkimbriel/projects/fsp-lightreach-po-manager/app/models/po_generation_job.rb": {
        "lines": [
          1,
          1,
          1,
          null,
          1,
          1,
          null,
          46,
          2,
          2,
          null,
          null,
          1,
          16,
          null,
          null,
          null,
          1,
          28,
          null,
          null,
          null,
          1,
          6,
          null,
          null,
          null,
          null,
          null,
          null,
          null,
          1,
          3,
          null,
          null,
          1,
          25,
          null,
          null,
          1,
          6,
          null,
          null
        ]
      },
      "/Users/davidkimbriel/projects/fsp-lightreach-po-manager/app/models/po_generation_log.rb": {
        "lines": [
          1,
          1,
          null,
          1,
          1,
          null,
          3,
          null
        ]
      },
      "/Users/davidkimbriel/projects/fsp-lightreach-po-manager/app/models/sunrise_task.rb": {
        "lines": [
          null,
          null,
          1,
          null,
          null,
          1,
          2,
          null,
          null,
          null,
          null,
          1,
          null
        ]
      },
      "/Users/davidkimbriel/projects/fsp-lightreach-po-manager/app/services/email_notification_service.rb": {
        "lines": [
          1,
          1,
          19,
          19,
          null,
          null,
          1,
          8,
          null,
          7,
          7,
          null,
          null,
          6,
          6,
          11,
          10,
          null,
          null,
          10,
          null,
          10,
          null,
          null,
          null,
          null,
          null,
          null,
          null,
          15,
          null,
          5,
          20,
          10,
          null,
          10,
          null,
          null,
          null,
          null,
          null,
          null,
          null,
          10,
          null,
          null,
          5,
          null,
          1,
          1,
          null,
          null,
          1,
          6,
          5,
          null,
          null,
          5,
          null,
          null,
          5,
          null,
          null,
          null,
          null,
          null,
          5,
          null,
          1,
          1,
          null,
          null
        ]
      },
      "/Users/davidkimbriel/projects/fsp-lightreach-po-manager/app/services/job_schedule_service.rb": {
        "lines": [
          1,
          1,
          4,
          4,
          null,
          4,
          4,
          null,
          4,
          null,
          6,
          2,
          null,
          2,
          4,
          4,
          4,
          null,
          null,
          2,
          2,
          null,
          2,
          null,
          null,
          null,
          1,
          null,
          1,
          6,
          6,
          null,
          6,
          6,
          null,
          6,
          null,
          null,
          1,
          null,
          9,
          9,
          21,
          21,
          null,
          20,
          20,
          20,
          null,
          null,
          null,
          30,
          9,
          null,
          null,
          8,
          null,
          null,
          null,
          null,
          null,
          null,
          null,
          null,
          8,
          8,
          null,
          null,
          8,
          16,
          null,
          null,
          null,
          8,
          13,
          null,
          null,
          8,
          null,
          null,
          1,
          5,
          null,
          4,
          4,
          null,
          null,
          null,
          null,
          12,
          null,
          4,
          null,
          null,
          null,
          null,
          null,
          null,
          null,
          null,
          4,
          null,
          4,
          4,
          null,
          2,
          2,
          null,
          null,
          2,
          2,
          2,
          2,
          null,
          2,
          2,
          2,
          null,
          null,
          null,
          2,
          4,
          2,
          2,
          null,
          null,
          null,
          2,
          null,
          2,
          2,
          null,
          6,
          null,
          null,
          4,
          null,
          null,
          1,
          null,
          4,
          4,
          2,
          null,
          2,
          2,
          null,
          null,
          1,
          3,
          3,
          null,
          2,
          2,
          null,
          null,
          1,
          null,
          null,
          null,
          null,
          null,
          null,
          null,
          null,
          1,
          null,
          9,
          null,
          null,
          null,
          null,
          null,
          null,
          null,
          null,
          null,
          null,
          null,
          null,
          null,
          null,
          null
        ]
      },
      "/Users/davidkimbriel/projects/fsp-lightreach-po-manager/app/services/po_generation_service.rb": {
        "lines": [
          1,
          1,
          1,
          null,
          1,
          null,
          1,
          77,
          null,
          null,
          null,
          1,
          48,
          null,
          48,
          null,
          null,
          null,
          null,
          null,
          null,
          48,
          null,
          null,
          null,
          null,
          null,
          null,
          48,
          null,
          null,
          null,
          null,
          null,
          null,
          1,
          6,
          null,
          6,
          null,
          6,
          6,
          null,
          6,
          1,
          1,
          null,
          null,
          null,
          5,
          5,
          5,
          null,
          null,
          5,
          null,
          5,
          5,
          null,
          0,
          null,
          null,
          5,
          null,
          0,
          0,
          null,
          null,
          null,
          1,
          0,
          null,
          0,
          0,
          null,
          0,
          0,
          null,
          0,
          null,
          null,
          0,
          0,
          null,
          0,
          0,
          0,
          0,
          null,
          0,
          0,
          0,
          null,
          0,
          null,
          null,
          null,
          0,
          null,
          null,
          0,
          0,
          0,
          0,
          null,
          0,
          0,
          null,
          null,
          0,
          0,
          null,
          0,
          0,
          null,
          null,
          null,
          1,
          6,
          null,
          6,
          null,
          6,
          6,
          null,
          6,
          1,
          1,
          null,
          null,
          5,
          5,
          null,
          5,
          5,
          15,
          15,
          null,
          15,
          15,
          15,
          null,
          null,
          5,
          5,
          null,
          0,
          0,
          null,
          null,
          1,
          null,
          null,
          1,
          0,
          0,
          0,
          0,
          0,
          0,
          null,
          null,
          0,
          0,
          null,
          0,
          0,
          0,
          null,
          null,
          null,
          0,
          0,
          0,
          null,
          null,
          0,
          null,
          null,
          0,
          0,
          null,
          null,
          0,
          0,
          0,
          0,
          0,
          null,
          null,
          null,
          0,
          0,
          0,
          0,
          null,
          null,
          0,
          null,
          null,
          0,
          0,
          0,
          0,
          null,
          0,
          0,
          0,
          null,
          null,
          null,
          0,
          0,
          null,
          null,
          null,
          0,
          null,
          0,
          null,
          null,
          null,
          0,
          null,
          null,
          null,
          null,
          null,
          null,
          null,
          null,
          null,
          null,
          0,
          0,
          null,
          null,
          null,
          1,
          0,
          0,
          0,
          0,
          null,
          null,
          0,
          null,
          null,
          0,
          0,
          0,
          null,
          null,
          null,
          0,
          0,
          null,
          0,
          0,
          0,
          null,
          null,
          null,
          0,
          0,
          0,
          null,
          null,
          0,
          null,
          0,
          0,
          null,
          null,
          0,
          null,
          null,
          null,
          null,
          null,
          null,
          null,
          null,
          null,
          null,
          null,
          0,
          0,
          null,
          null,
          1,
          0,
          0,
          null,
          0,
          0,
          null,
          0,
          null,
          null,
          1,
          0,
          null,
          0,
          0,
          0,
          null,
          0,
          0,
          null,
          null,
          0,
          null,
          null,
          1,
          null,
          0,
          0,
          0,
          0,
          null,
          0,
          0,
          0,
          null,
          null,
          null,
          0,
          null,
          0,
          null,
          null,
          null,
          null,
          null,
          null,
          null,
          0,
          0,
          0,
          null,
          null,
          0,
          0,
          null,
          null,
          null,
          null,
          null,
          0,
          0,
          0,
          0,
          null,
          null,
          null,
          0,
          0,
          null,
          null,
          0,
          null,
          null,
          1,
          3,
          null,
          null,
          1,
          3,
          null,
          null,
          null,
          null,
          null,
          null,
          1,
          3,
          2,
          2,
          null,
          null,
          1,
          0,
          0,
          0,
          null,
          null,
          1,
          0,
          0,
          null,
          0,
          0,
          0,
          null,
          0,
          0,
          null,
          0,
          0,
          0,
          null,
          0,
          null,
          null,
          null,
          null,
          null,
          null,
          null,
          0,
          0,
          null,
          null,
          0,
          null,
          null,
          1,
          0,
          0,
          null,
          0,
          0,
          null,
          null,
          0,
          null,
          null,
          null,
          null,
          null,
          null,
          null,
          null,
          1,
          0,
          0,
          0,
          null,
          0,
          0,
          null,
          null,
          1,
          null,
          null,
          0,
          null,
          null,
          null,
          null,
          null,
          null,
          null,
          null,
          null,
          null,
          0,
          0,
          null,
          null,
          0,
          0,
          null,
          0,
          0,
          0,
          null,
          null,
          0,
          null,
          0,
          0,
          null,
          null,
          1,
          2,
          2,
          2,
          null,
          null,
          1,
          null,
          3,
          null,
          null,
          3,
          3,
          null,
          null,
          1,
          2,
          2,
          null,
          2,
          0,
          0,
          null,
          null,
          0,
          0,
          null,
          0,
          0,
          null,
          0,
          0,
          null,
          0,
          null,
          null,
          null,
          null,
          null,
          null,
          null,
          0,
          0,
          null,
          null,
          null,
          2,
          null,
          null,
          1,
          0,
          0,
          null,
          0,
          null,
          null,
          1,
          0,
          0,
          null,
          0,
          0,
          null,
          0,
          0,
          0,
          null,
          null,
          0,
          0,
          0,
          null,
          0,
          null,
          null,
          null,
          0,
          null,
          0,
          0,
          null,
          null,
          1,
          null,
          8,
          null,
          null,
          null,
          null,
          null,
          null,
          null,
          null,
          null,
          null,
          null,
          null,
          null,
          null,
          null,
          1,
          null,
          31,
          null,
          null,
          null,
          null,
          null,
          null,
          null,
          1,
          9,
          null,
          9,
          13,
          24,
          24,
          6,
          null,
          18,
          null,
          null,
          null,
          null,
          null,
          null,
          null,
          null,
          null,
          null,
          27,
          null,
          null,
          1,
          null,
          1,
          3,
          3,
          null,
          3,
          null,
          3,
          3,
          3,
          3,
          null,
          3,
          3,
          3,
          3,
          null,
          null,
          3,
          3,
          3,
          null,
          3,
          3,
          6,
          null,
          null,
          3,
          3,
          3,
          3,
          3,
          null,
          null,
          9,
          3,
          3,
          null,
          null,
          3,
          3,
          3,
          3,
          null,
          3,
          4,
          4,
          4,
          4,
          4,
          4,
          null,
          4,
          4,
          8,
          8,
          null,
          null,
          4,
          4,
          4,
          4,
          null,
          null,
          4,
          4,
          null,
          null,
          null,
          null,
          1,
          5,
          5,
          null,
          null,
          5,
          5,
          5,
          null,
          null,
          null,
          5,
          null,
          null,
          null,
          null,
          null,
          null,
          null,
          null,
          null,
          5,
          3,
          3,
          null,
          2,
          2,
          null,
          5,
          5,
          null,
          null
        ]
      },
      "/Users/davidkimbriel/projects/fsp-lightreach-po-manager/app/workers/add_racking_quantities_to_so_worker.rb": {
        "lines": [
          1,
          null,
          1,
          1,
          null,
          1,
          null,
          null,
          1,
          null,
          1,
          null,
          1,
          null,
          1,
          null,
          1,
          null,
          1,
          null,
          1,
          null,
          1,
          null,
          1,
          null,
          null,
          null,
          1,
          null,
          null,
          null,
          null,
          null,
          null,
          null,
          null,
          1,
          8,
          null,
          null,
          8,
          7,
          null,
          null,
          6,
          6,
          null,
          5,
          10,
          null,
          null,
          5,
          5,
          null,
          4,
          null,
          null,
          4,
          4,
          null,
          null,
          null,
          null,
          null,
          3,
          null,
          null,
          3,
          null,
          3,
          null,
          null,
          3,
          null,
          3,
          null,
          null,
          3,
          18,
          null,
          null,
          3,
          null,
          1,
          1,
          null,
          null,
          1,
          null,
          1,
          8,
          null,
          null,
          1,
          3,
          null,
          null,
          3,
          2,
          null,
          null,
          2,
          null,
          8,
          null,
          null,
          null,
          null,
          null,
          null,
          8,
          null,
          6,
          6,
          null,
          6,
          null,
          null,
          null,
          null,
          null,
          null,
          2,
          null,
          1,
          1,
          null,
          null,
          1,
          18,
          18,
          null,
          null,
          1,
          2,
          null,
          2,
          2,
          null,
          2,
          4,
          1,
          null,
          1,
          null,
          1,
          null,
          null,
          null,
          null,
          null,
          2,
          1,
          2,
          null,
          null,
          2,
          null,
          0,
          0,
          null,
          null,
          1,
          0,
          null,
          0,
          null,
          0,
          null,
          0,
          0,
          null,
          0,
          null,
          0,
          0,
          null,
          null,
          0,
          0,
          0,
          null,
          0,
          null,
          0,
          0,
          null,
          null,
          0,
          null,
          null,
          null,
          0,
          0,
          null,
          null,
          null,
          0,
          null,
          null,
          null,
          null,
          0,
          0,
          0,
          null,
          0,
          0,
          null,
          null,
          1,
          2,
          null,
          4,
          null,
          2,
          null,
          2,
          2,
          null,
          2,
          null,
          2,
          3,
          null,
          null,
          2,
          null,
          1,
          1,
          null,
          1,
          null,
          0,
          0,
          null,
          null,
          1,
          null,
          null,
          null,
          1,
          1,
          null,
          null,
          null,
          1,
          2,
          null,
          null,
          1,
          0,
          0,
          null,
          null,
          0,
          0,
          null,
          null,
          null,
          1,
          null,
          null,
          null,
          1,
          1,
          null,
          null,
          null,
          1,
          null,
          null,
          null,
          null,
          1,
          1,
          1,
          null,
          0,
          0,
          null,
          null,
          1,
          2,
          2,
          null,
          2,
          null,
          2,
          3,
          null,
          null,
          2,
          null,
          2,
          1,
          null,
          1,
          null,
          0,
          0,
          null,
          0,
          null,
          0,
          0,
          null,
          null,
          1,
          null,
          null,
          null,
          1,
          1,
          null,
          1,
          null,
          1,
          0,
          0,
          null,
          null,
          1,
          3,
          null,
          0,
          0,
          null,
          null,
          null,
          2,
          null,
          null,
          null,
          null,
          null,
          2,
          2,
          2,
          null,
          0,
          0,
          null,
          null,
          1,
          null,
          5,
          5,
          5,
          null,
          0,
          0,
          null,
          null,
          1,
          null,
          0,
          null,
          0,
          0,
          0,
          null,
          null,
          null,
          0,
          0,
          null,
          null,
          null,
          null,
          0,
          null,
          0,
          0,
          0,
          null,
          null,
          0,
          null,
          null,
          0,
          null,
          0,
          0,
          0,
          0,
          null,
          null,
          0,
          0,
          null,
          0,
          null,
          null,
          0,
          null,
          null,
          null,
          0,
          0,
          0,
          null,
          0,
          null,
          null,
          null,
          null,
          null,
          null,
          null,
          0,
          null,
          null,
          null,
          null,
          0,
          0,
          null,
          null,
          0,
          0,
          0,
          null,
          null,
          null,
          0,
          null,
          null,
          1,
          0,
          null,
          0,
          0,
          0,
          0,
          null,
          null,
          0,
          0,
          null,
          0,
          0,
          null,
          null,
          null,
          0,
          0,
          null,
          null,
          1,
          null,
          6,
          11,
          11,
          null,
          null,
          6,
          null,
          null,
          5,
          10,
          null,
          10,
          10,
          null,
          null,
          5,
          null,
          null,
          null,
          null,
          null,
          5,
          8,
          8,
          null,
          1,
          null,
          1,
          null,
          2,
          null,
          0,
          null,
          2,
          null,
          0,
          null,
          0,
          null,
          0,
          null,
          0,
          null,
          0,
          null,
          0,
          null,
          2,
          null,
          null,
          null,
          null,
          1,
          null,
          29,
          null,
          29,
          null,
          29,
          29,
          29,
          null,
          null,
          null,
          0,
          null,
          null,
          1,
          0,
          null,
          0,
          0,
          null,
          null,
          null,
          0,
          null,
          0,
          0,
          0,
          null,
          null,
          null,
          0,
          null,
          null,
          null,
          null,
          null,
          0,
          0,
          0,
          null,
          null,
          1,
          5,
          null,
          null,
          1,
          null,
          5,
          5,
          null,
          4,
          4,
          4,
          4,
          null,
          null,
          1,
          0,
          null,
          null,
          null
        ]
      },
      "/Users/davidkimbriel/projects/fsp-lightreach-po-manager/app/workers/batch_po_generation_worker.rb": {
        "lines": [
          1,
          1,
          null,
          1,
          null,
          1,
          19,
          null,
          19,
          null,
          null,
          null,
          null,
          null,
          null,
          19,
          19,
          null,
          null,
          19,
          null,
          11,
          null,
          null,
          6,
          6,
          4,
          4,
          null,
          2,
          2,
          null,
          null,
          2,
          null,
          0,
          0,
          null,
          null,
          null,
          16,
          null,
          null,
          null,
          null,
          null,
          null,
          null,
          16,
          null,
          null,
          16,
          11,
          11,
          null,
          null,
          null,
          3,
          3,
          null,
          3,
          3,
          null,
          null,
          null,
          null,
          null,
          null,
          3,
          3,
          null,
          19,
          null,
          null
        ]
      },
      "/Users/davidkimbriel/projects/fsp-lightreach-po-manager/app/workers/po_generation_worker.rb": {
        "lines": [
          1,
          1,
          null,
          1,
          null,
          1,
          14,
          null,
          null,
          14,
          null,
          null,
          null,
          null,
          null,
          null,
          14,
          null,
          14,
          14,
          null,
          10,
          8,
          null,
          null,
          null,
          null,
          null,
          null,
          null,
          8,
          null,
          2,
          null,
          null,
          null,
          null,
          null,
          null,
          null,
          null,
          4,
          null,
          null,
          null,
          null,
          4,
          null,
          14,
          null,
          null
        ]
      },
      "/Users/davidkimbriel/projects/fsp-lightreach-po-manager/app/jobs/application_job.rb": {
        "lines": [
          0,
          null,
          null,
          null,
          null,
          null,
          0
        ],
        "branches": {}
      }
    },
    "timestamp": 1777690749
  }
}
